Arguments: 
  /home/spencer/.nvm/versions/node/v16.14.0/bin/node /mnt/c/Users/spenc/AppData/Roaming/npm/node_modules/yarn/bin/yarn.js install

PATH: 
  /home/spencer/.nvm/versions/node/v16.14.0/bin:/usr/local/sbin:/usr/local/bin:/usr/sbin:/usr/bin:/sbin:/bin:/usr/games:/usr/local/games:/usr/lib/wsl/lib:/mnt/c/Program Files (x86)/Common Files/Oracle/Java/javapath:/mnt/c/Program Files/AdoptOpenJDK/jre-11.0.11.9-hotspot/bin:/mnt/c/Windows/system32:/mnt/c/Windows:/mnt/c/Windows/System32/Wbem:/mnt/c/Windows/System32/WindowsPowerShell/v1.0/:/mnt/c/Windows/System32/OpenSSH/:/mnt/c/Program Files (x86)/NVIDIA Corporation/PhysX/Common:/mnt/c/Program Files/NVIDIA Corporation/NVIDIA NvDLISR:/mnt/c/Program Files/nodejs/:/mnt/c/Program Files/Docker/Docker/resources/bin:/mnt/c/ProgramData/DockerDesktop/version-bin:/mnt/c/Program Files/dotnet/:/mnt/c/Users/spenc/AppData/Local/Microsoft/WindowsApps:/mnt/c/Users/spenc/AppData/Roaming/npm:/mnt/c/Users/spenc/AppData/Local/gitkraken/bin:/mnt/c/Users/spenc/AppData/Local/Programs/Microsoft VS Code/bin:/snap/bin

Yarn version: 
  1.22.11

Node version: 
  16.14.0

Platform: 
  linux x64

Trace: 
  SyntaxError: /home/spencer/inlight/panda-playground-2/panda-playground/package.json: Unexpected token } in JSON at position 1140
      at JSON.parse (<anonymous>)
      at /mnt/c/Users/spenc/AppData/Roaming/npm/node_modules/yarn/lib/cli.js:1625:59
      at Generator.next (<anonymous>)
      at step (/mnt/c/Users/spenc/AppData/Roaming/npm/node_modules/yarn/lib/cli.js:310:30)
      at /mnt/c/Users/spenc/AppData/Roaming/npm/node_modules/yarn/lib/cli.js:321:13

npm manifest: 
  {
    "name": "inlight-panda-rescue",
    "version": "0.1.0",
    "private": true,
    "dependencies": {
      "@typescript-eslint/parser": "^3.10.1",
      "@vanilla-extract/css": "^1.6.8",
      "@vanilla-extract/recipes": "^0.2.3",
      "@vanilla-extract/sprinkles": "^1.3.3",
      "bootstrap": "4.3.1",
      "classnames": "2.2.6",
      "react": "17.0.2",
      "react-dom": "17.0.2",
      "react-scripts": "3.0.1",
      "styled-components": "5.3.0",
      "typescript": "^4.5.5"
    },
    "scripts": {
      "start": "react-scripts start",
      "build": "react-scripts build",
      "test": "react-scripts test --env=jsdom",
      "eject": "react-scripts eject",
      "runtest": "jest"
    },
    "browserslist": {
      "production": [
        ">0.2%",
        "not dead",
        "not op_mini all"
      ],
      "development": [
        "last 1 chrome version",
        "last 1 firefox version",
        "last 1 safari version"
      ]
    },
    "devDependencies": {
      "@testing-library/jest-dom": "^5.16.2",
      "@testing-library/react": "^12.1.3",
      "@types/jest": "^27.4.1",
      "@types/react": "^17.0.39",
      "@types/react-dom": "^17.0.11",
      "@types/styled-components": "^5.1.23",
    }
  }

yarn manifest: 
  No manifest

Lockfile: 
  No lockfile
